-- The C compiler identification is GNU 12.2.1
-- The CXX compiler identification is GNU 12.2.1
-- Detecting C compiler ABI info
-- Detecting C compiler ABI info - done
-- Check for working C compiler: /usr/bin/cc - skipped
-- Detecting C compile features
-- Detecting C compile features - done
-- Detecting CXX compiler ABI info
-- Detecting CXX compiler ABI info - done
-- Check for working CXX compiler: /usr/bin/c++ - skipped
-- Detecting CXX compile features
-- Detecting CXX compile features - done
-- Found ament_cmake: 2.0.2 (/home/vitor/tools/ros2_iron/install/ament_cmake/share/ament_cmake/cmake)
-- Found Python3: /usr/bin/python3.10 (found version "3.10.11") found components: Interpreter 
-- Found ament_lint_auto: 0.14.1 (/home/vitor/tools/ros2_iron/install/ament_lint_auto/share/ament_lint_auto/cmake)
-- Added test 'cppcheck' to perform static code analysis on C / C++ code
-- Configured cppcheck include dirs: 
-- Configured cppcheck exclude dirs and/or files: 
-- Added test 'lint_cmake' to check CMake code style
-- Added test 'uncrustify' to check C / C++ code style
-- Configured uncrustify additional arguments: 
-- Added test 'xmllint' to check XML markup files
-- Configuring done (2.7s)
-- Generating done (0.0s)
-- Build files have been written to: /home/vitor/workspace/side-projects/ros-blender/cloudpoint2blendertopic/build/cloudpoint2blendertopic
-- Install configuration: ""
-- Installing: /home/vitor/workspace/side-projects/ros-blender/cloudpoint2blendertopic/install/cloudpoint2blendertopic/share/ament_index/resource_index/package_run_dependencies/cloudpoint2blendertopic
-- Installing: /home/vitor/workspace/side-projects/ros-blender/cloudpoint2blendertopic/install/cloudpoint2blendertopic/share/ament_index/resource_index/parent_prefix_path/cloudpoint2blendertopic
-- Installing: /home/vitor/workspace/side-projects/ros-blender/cloudpoint2blendertopic/install/cloudpoint2blendertopic/share/cloudpoint2blendertopic/environment/ament_prefix_path.sh
-- Installing: /home/vitor/workspace/side-projects/ros-blender/cloudpoint2blendertopic/install/cloudpoint2blendertopic/share/cloudpoint2blendertopic/environment/ament_prefix_path.dsv
-- Installing: /home/vitor/workspace/side-projects/ros-blender/cloudpoint2blendertopic/install/cloudpoint2blendertopic/share/cloudpoint2blendertopic/environment/path.sh
-- Installing: /home/vitor/workspace/side-projects/ros-blender/cloudpoint2blendertopic/install/cloudpoint2blendertopic/share/cloudpoint2blendertopic/environment/path.dsv
-- Installing: /home/vitor/workspace/side-projects/ros-blender/cloudpoint2blendertopic/install/cloudpoint2blendertopic/share/cloudpoint2blendertopic/local_setup.bash
-- Installing: /home/vitor/workspace/side-projects/ros-blender/cloudpoint2blendertopic/install/cloudpoint2blendertopic/share/cloudpoint2blendertopic/local_setup.sh
-- Installing: /home/vitor/workspace/side-projects/ros-blender/cloudpoint2blendertopic/install/cloudpoint2blendertopic/share/cloudpoint2blendertopic/local_setup.zsh
-- Installing: /home/vitor/workspace/side-projects/ros-blender/cloudpoint2blendertopic/install/cloudpoint2blendertopic/share/cloudpoint2blendertopic/local_setup.dsv
-- Installing: /home/vitor/workspace/side-projects/ros-blender/cloudpoint2blendertopic/install/cloudpoint2blendertopic/share/cloudpoint2blendertopic/package.dsv
-- Installing: /home/vitor/workspace/side-projects/ros-blender/cloudpoint2blendertopic/install/cloudpoint2blendertopic/share/ament_index/resource_index/packages/cloudpoint2blendertopic
-- Installing: /home/vitor/workspace/side-projects/ros-blender/cloudpoint2blendertopic/install/cloudpoint2blendertopic/share/cloudpoint2blendertopic/cmake/cloudpoint2blendertopicConfig.cmake
-- Installing: /home/vitor/workspace/side-projects/ros-blender/cloudpoint2blendertopic/install/cloudpoint2blendertopic/share/cloudpoint2blendertopic/cmake/cloudpoint2blendertopicConfig-version.cmake
-- Installing: /home/vitor/workspace/side-projects/ros-blender/cloudpoint2blendertopic/install/cloudpoint2blendertopic/share/cloudpoint2blendertopic/package.xml
